#
# There is insufficient memory for the Java Runtime Environment to continue.
# Native memory allocation (mmap) failed to map 524288000 bytes for G1 virtual space
# Possible reasons:
#   The system is out of physical RAM or swap space
#   The process is running with CompressedOops enabled, and the Java Heap may be blocking the growth of the native heap
# Possible solutions:
#   Reduce memory load on the system
#   Increase physical memory or swap space
#   Check if swap backing store is full
#   Decrease Java heap size (-Xmx/-Xms)
#   Decrease number of Java threads
#   Decrease Java thread stack sizes (-Xss)
#   Set larger code cache with -XX:ReservedCodeCacheSize=
#   JVM is running with Zero Based Compressed Oops mode in which the Java heap is
#     placed in the first 32GB address space. The Java Heap base address is the
#     maximum limit for the native heap growth. Please use -XX:HeapBaseMinAddress
#     to set the Java Heap base and to place the Java Heap above 32GB virtual address.
# This output file may be truncated or incomplete.
#
#  Out of Memory Error (os_windows.cpp:3600), pid=34372, tid=3480
#
# JRE version:  (21.0.2+13) (build )
# Java VM: Java HotSpot(TM) 64-Bit Server VM (21.0.2+13-LTS-58, mixed mode, sharing, tiered, compressed oops, compressed class ptrs, g1 gc, windows-amd64)
# No core dump will be written. Minidumps are not enabled by default on client versions of Windows
#

---------------  S U M M A R Y ------------

Command Line: -Dfile.encoding=UTF-8 --module-path=E:\netbeans project\Employee Management System\build\classes employee.management.system.Splash

Host: AMD Ryzen 7 7700 8-Core Processor              , 16 cores, 31G,  Windows 11 , 64 bit Build 26100 (10.0.26100.2454)
Time: Tue Dec  3 14:51:27 2024 Bangladesh Standard Time elapsed time: 1.111553 seconds (0d 0h 0m 1s)

---------------  T H R E A D  ---------------

Current thread (0x00000213a3fd9330):  JavaThread "Unknown thread" [_thread_in_vm, id=3480, stack(0x000000f2c1700000,0x000000f2c1800000) (1024K)]

Stack: [0x000000f2c1700000,0x000000f2c1800000]
Native frames: (J=compiled Java code, j=interpreted, Vv=VM code, C=native code)
V  [jvm.dll+0x6cade9]
V  [jvm.dll+0x8569c1]
V  [jvm.dll+0x858d2e]
V  [jvm.dll+0x859413]
V  [jvm.dll+0x280e56]
V  [jvm.dll+0x6c74d5]
V  [jvm.dll+0x6bbeca]
V  [jvm.dll+0x355bca]
V  [jvm.dll+0x35d816]
V  [jvm.dll+0x3ae67e]
V  [jvm.dll+0x3ae928]
V  [jvm.dll+0x3295dc]
V  [jvm.dll+0x32a16b]
V  [jvm.dll+0x81efa9]
V  [jvm.dll+0x3bba01]
V  [jvm.dll+0x807928]
V  [jvm.dll+0x44f50e]
V  [jvm.dll+0x450e11]
C  [jli.dll+0x52a3]
C  [ucrtbase.dll+0x14ea0]
C  [KERNEL32.DLL+0x2e8d7]
C  [ntdll.dll+0xdfbcc]


---------------  P R O C E S S  ---------------

Threads class SMR info:
_java_thread_list=0x00007ffb7a8dbb88, length=0, elements={
}

Java Threads: ( => current thread )
Total: 0

Other Threads:
  0x00000213a63a8ec0 WorkerThread "GC Thread#0"                     [id=1832, stack(0x000000f2c1800000,0x000000f2c1900000) (1024K)]
  0x00000213a63ba640 ConcurrentGCThread "G1 Main Marker"            [id=15448, stack(0x000000f2c1900000,0x000000f2c1a00000) (1024K)]
  0x00000213a63bc000 WorkerThread "G1 Conc#0"                       [id=5400, stack(0x000000f2c1a00000,0x000000f2c1b00000) (1024K)]

[error occurred during error reporting (printing all threads), id 0xc0000005, EXCEPTION_ACCESS_VIOLATION (0xc0000005) at pc=0x00007ffb7a04c6a7]
VM state: not at safepoint (not fully initialized)

VM Mutex/Monitor currently owned by a thread:  ([mutex/lock_event])
[0x00007ffb7a94ce68] Heap_lock - owner thread: 0x00000213a3fd9330

Heap address: 0x000000060cc00000, size: 7988 MB, Compressed Oops mode: Zero based, Oop shift amount: 3

CDS archive(s) mapped at: [0x0000000000000000-0x0000000000000000-0x0000000000000000), size 0, SharedBaseAddress: 0x0000000800000000, ArchiveRelocationMode: 1.
Narrow klass base: 0x0000000000000000, Narrow klass shift: 0, Narrow klass range: 0x0

GC Precious Log:
 CardTable entry size: 512
 Card Set container configuration: InlinePtr #cards 4 size 8 Array Of Cards #cards 32 size 80 Howl #buckets 8 coarsen threshold 7372 Howl Bitmap #cards 1024 size 144 coarsen threshold 921 Card regions per heap region 1 cards per card region 8192

Heap:
 garbage-first heap   total 0K, used 0K [0x000000060cc00000, 0x0000000800000000)
  region size 4096K, 0 young (0K), 0 survivors (0K)

[error occurred during error reporting (printing heap information), id 0xc0000005, EXCEPTION_ACCESS_VIOLATION (0xc0000005) at pc=0x00007ffb7a4339f9]
GC Heap History (0 events):
No events

Dll operation events (1 events):
Event: 0.004 Loaded shared library E:\java\bin\java.dll

Deoptimization events (0 events):
No events

Classes loaded (0 events):
No events

Classes unloaded (0 events):
No events

Classes redefined (0 events):
No events

Internal exceptions (0 events):
No events

ZGC Phase Switch (0 events):
No events

VM Operations (0 events):
No events

Events (0 events):
No events


Dynamic libraries:
0x00007ff6b3730000 - 0x00007ff6b3740000 	E:\java\bin\java.exe
0x00007ffc30f00000 - 0x00007ffc31163000 	C:\WINDOWS\SYSTEM32\ntdll.dll
0x00007ffc307d0000 - 0x00007ffc30898000 	C:\WINDOWS\System32\KERNEL32.DLL
0x00007ffc2e690000 - 0x00007ffc2ea42000 	C:\WINDOWS\System32\KERNELBASE.dll
0x00007ffc2e360000 - 0x00007ffc2e4ab000 	C:\WINDOWS\System32\ucrtbase.dll
0x00007ffbebec0000 - 0x00007ffbebed9000 	E:\java\bin\jli.dll
0x00007ffc27440000 - 0x00007ffc2745b000 	E:\java\bin\VCRUNTIME140.dll
0x00007ffc2f450000 - 0x00007ffc2f504000 	C:\WINDOWS\System32\ADVAPI32.dll
0x00007ffc2f290000 - 0x00007ffc2f339000 	C:\WINDOWS\System32\msvcrt.dll
0x00007ffc30ac0000 - 0x00007ffc30b66000 	C:\WINDOWS\System32\sechost.dll
0x00007ffc2f0f0000 - 0x00007ffc2f206000 	C:\WINDOWS\System32\RPCRT4.dll
0x00007ffc30b70000 - 0x00007ffc30d38000 	C:\WINDOWS\System32\USER32.dll
0x00007ffc2ec70000 - 0x00007ffc2ec97000 	C:\WINDOWS\System32\win32u.dll
0x00007ffc30e30000 - 0x00007ffc30e5a000 	C:\WINDOWS\System32\GDI32.dll
0x00007ffbeaa10000 - 0x00007ffbeaca0000 	C:\WINDOWS\WinSxS\amd64_microsoft.windows.common-controls_6595b64144ccf1df_6.0.26100.2454_none_3e0b68a2e331ad60\COMCTL32.dll
0x00007ffc2e560000 - 0x00007ffc2e68b000 	C:\WINDOWS\System32\gdi32full.dll
0x00007ffc2e4b0000 - 0x00007ffc2e553000 	C:\WINDOWS\System32\msvcp_win.dll
0x00007ffc1d040000 - 0x00007ffc1d04b000 	C:\WINDOWS\SYSTEM32\VERSION.dll
0x00007ffc30a30000 - 0x00007ffc30a5f000 	C:\WINDOWS\System32\IMM32.DLL
0x00007ffc27430000 - 0x00007ffc2743c000 	E:\java\bin\vcruntime140_1.dll
0x00007ffc05cf0000 - 0x00007ffc05d7e000 	E:\java\bin\msvcp140.dll
0x00007ffb79d10000 - 0x00007ffb7aa27000 	E:\java\bin\server\jvm.dll
0x00007ffc2f210000 - 0x00007ffc2f284000 	C:\WINDOWS\System32\WS2_32.dll
0x00007ffc2e0b0000 - 0x00007ffc2e0fe000 	C:\WINDOWS\SYSTEM32\POWRPROF.dll
0x00007ffc24130000 - 0x00007ffc24166000 	C:\WINDOWS\SYSTEM32\WINMM.dll
0x00007ffc2df80000 - 0x00007ffc2df94000 	C:\WINDOWS\SYSTEM32\UMPDC.dll
0x00007ffc2d0d0000 - 0x00007ffc2d0ea000 	C:\WINDOWS\SYSTEM32\kernel.appcore.dll
0x00007ffc274f0000 - 0x00007ffc274fa000 	E:\java\bin\jimage.dll
0x00007ffc1dc70000 - 0x00007ffc1deb1000 	C:\WINDOWS\SYSTEM32\DBGHELP.DLL
0x00007ffc2ed60000 - 0x00007ffc2f0de000 	C:\WINDOWS\System32\combase.dll
0x00007ffc30920000 - 0x00007ffc309f6000 	C:\WINDOWS\System32\OLEAUT32.dll
0x00007ffc1a7c0000 - 0x00007ffc1a7f9000 	C:\WINDOWS\SYSTEM32\dbgcore.DLL
0x00007ffc2ea50000 - 0x00007ffc2eae9000 	C:\WINDOWS\System32\bcryptPrimitives.dll
0x00007ffc1be80000 - 0x00007ffc1be9f000 	E:\java\bin\java.dll

dbghelp: loaded successfully - version: 4.0.5 - missing functions: none
symbol engine: initialized successfully - sym options: 0x614 - pdb path: .;E:\java\bin;C:\WINDOWS\SYSTEM32;C:\WINDOWS\WinSxS\amd64_microsoft.windows.common-controls_6595b64144ccf1df_6.0.26100.2454_none_3e0b68a2e331ad60;E:\java\bin\server

VM Arguments:
jvm_args: -Dfile.encoding=UTF-8 --module-path=E:\netbeans project\Employee Management System\build\classes 
java_command: employee.management.system.Splash
java_class_path (initial): E:\netbeans project\Employee Management System\src\mysql-connector-java-8.0.28.jar;E:\netbeans project\Employee Management System\build\classes
Launcher Type: SUN_STANDARD

[Global flags]
     intx CICompilerCount                          = 12                                        {product} {ergonomic}
     uint ConcGCThreads                            = 3                                         {product} {ergonomic}
     uint G1ConcRefinementThreads                  = 13                                        {product} {ergonomic}
   size_t G1HeapRegionSize                         = 4194304                                   {product} {ergonomic}
    uintx GCDrainStackTargetSize                   = 64                                        {product} {ergonomic}
   size_t InitialHeapSize                          = 524288000                                 {product} {ergonomic}
   size_t MarkStackSize                            = 4194304                                   {product} {ergonomic}
   size_t MaxHeapSize                              = 8376025088                                {product} {ergonomic}
   size_t MinHeapDeltaBytes                        = 4194304                                   {product} {ergonomic}
   size_t MinHeapSize                              = 8388608                                   {product} {ergonomic}
    uintx NonNMethodCodeHeapSize                   = 7602480                                {pd product} {ergonomic}
    uintx NonProfiledCodeHeapSize                  = 122027880                              {pd product} {ergonomic}
    uintx ProfiledCodeHeapSize                     = 122027880                              {pd product} {ergonomic}
    uintx ReservedCodeCacheSize                    = 251658240                              {pd product} {ergonomic}
     bool SegmentedCodeCache                       = true                                      {product} {ergonomic}
   size_t SoftMaxHeapSize                          = 8376025088                             {manageable} {ergonomic}
     bool UseCompressedOops                        = true                           {product lp64_product} {ergonomic}
     bool UseG1GC                                  = true                                      {product} {ergonomic}
     bool UseLargePagesIndividualAllocation        = false                                  {pd product} {ergonomic}

Logging:
Log output configuration:
 #0: stdout all=warning uptime,level,tags foldmultilines=false
 #1: stderr all=off uptime,level,tags foldmultilines=false

Environment Variables:
PATH=E:\python\Scripts\;E:\python\;C:\Program Files\Common Files\Oracle\Java\javapath;C:\Program Files (x86)\Common Files\Oracle\Java\java8path;C:\Program Files (x86)\Common Files\Oracle\Java\javapath;E:\VMware\bin\;C:\WINDOWS\system32;C:\WINDOWS;C:\WINDOWS\System32\Wbem;C:\WINDOWS\System32\WindowsPowerShell\v1.0\;C:\WINDOWS\System32\OpenSSH\;C:\Program Files\dotnet\;E:\Git\cmd;C:\Program Files\MySQL\MySQL Server 8.0\bin;C:\Program Files (x86)\Windows Kits\8.1\Windows Performance Toolkit\;C:\Program Files\Microsoft SQL Server\110\Tools\Binn\;C:\Program Files (x86)\Windows Kits\10\Windows Performance Toolkit\;C:\Program Files\MySQL\MySQL Shell 8.0\bin\;C:\Users\User\AppData\Local\Microsoft\WindowsApps;E:\Microsoft VS Code\bin;C:\Users\User\AppData\Local\GitHubDesktop\bin;E:\Hyper\resources\bin;C:\MinGW\bin;
USERNAME=User
OS=Windows_NT
PROCESSOR_IDENTIFIER=AMD64 Family 25 Model 97 Stepping 2, AuthenticAMD
TMP=C:\Users\User\AppData\Local\Temp
TEMP=C:\Users\User\AppData\Local\Temp




Periodic native trim disabled

---------------  S Y S T E M  ---------------

OS:
 Windows 11 , 64 bit Build 26100 (10.0.26100.2454)
OS uptime: 0 days 6:53 hours
Hyper-V role detected

CPU: total 16 (initial active 16) (16 cores per cpu, 2 threads per core) family 25 model 97 stepping 2 microcode 0xa601206, cx8, cmov, fxsr, ht, mmx, 3dnowpref, sse, sse2, sse3, ssse3, sse4a, sse4.1, sse4.2, popcnt, lzcnt, tsc, tscinvbit, avx, avx2, aes, erms, clmul, bmi1, bmi2, adx, avx512f, avx512dq, avx512cd, avx512bw, avx512vl, sha, fma, vzeroupper, avx512_vpopcntdq, avx512_vpclmulqdq, avx512_vaes, avx512_vnni, clflush, clflushopt, avx512_vbmi2, avx512_vbmi, hv, rdtscp, rdpid, fsrm, gfni, avx512_bitalg, f16c, cet_ss, avx512_ifma
Processor Information for all 16 processors :
  Max Mhz: 3801, Current Mhz: 3801, Mhz Limit: 3801

Memory: 4k page, system-wide physical 31937M (16374M free)
TotalPageFile size 63841M (AvailPageFile size 453M)
current process WorkingSet (physical memory assigned to process): 12M, peak: 12M
current process commit charge ("private bytes"): 71M, peak: 571M

vm_info: Java HotSpot(TM) 64-Bit Server VM (21.0.2+13-LTS-58) for windows-amd64 JRE (21.0.2+13-LTS-58), built on 2024-01-05T18:32:24Z by "mach5one" with MS VC++ 17.1 (VS2022)

END.
